Using pre-set license
Built from '2020.3/staging' branch; Version is '2020.3.8f1 (507919d4fff5) revision 5273881'; Using compiler version '192528614'; Build Type 'Release'
OS: 'Windows 10 Pro; OS build 19042.1237; Version 2009; 64bit' Language: 'en' Physical Memory: 49069 MB
BatchMode: 1, IsHumanControllingUs: 0, StartBugReporterOnCrash: 0, Is64bit: 1, IsPro: 0

 COMMAND LINE ARGUMENTS:
C:\Program Files\Unity\Hub\Editor\2020.3.8f1\Editor\Unity.exe
-adb2
-batchMode
-noUpm
-name
AssetImportWorker0
-projectPath
G:/CS-Desktop/Unity Projects/Classes/SEPT21-XRDEV-AM-ARFoundation/SEPT21-XRDEV-AM-ARFoundation
-logFile
Logs/AssetImportWorker0.log
-srvPort
54593
Successfully changed project path to: G:/CS-Desktop/Unity Projects/Classes/SEPT21-XRDEV-AM-ARFoundation/SEPT21-XRDEV-AM-ARFoundation
G:/CS-Desktop/Unity Projects/Classes/SEPT21-XRDEV-AM-ARFoundation/SEPT21-XRDEV-AM-ARFoundation
Using Asset Import Pipeline V2.
Refreshing native plugins compatible for Editor in 28.72 ms, found 0 plugins.
Preloading 0 native plugins for Editor in 0.00 ms.
Initialize engine version: 2020.3.8f1 (507919d4fff5)
[Subsystems] Discovering subsystems at path C:/Program Files/Unity/Hub/Editor/2020.3.8f1/Editor/Data/Resources/UnitySubsystems
[Subsystems] Discovering subsystems at path G:/CS-Desktop/Unity Projects/Classes/SEPT21-XRDEV-AM-ARFoundation/SEPT21-XRDEV-AM-ARFoundation/Assets
GfxDevice: creating device client; threaded=0
Direct3D:
    Version:  Direct3D 11.0 [level 11.1]
    Renderer: NVIDIA GeForce RTX 3060 Ti (ID=0x2486)
    Vendor:   
    VRAM:     8050 MB
    Driver:   27.21.14.6140
Initialize mono
Mono path[0] = 'C:/Program Files/Unity/Hub/Editor/2020.3.8f1/Editor/Data/Managed'
Mono path[1] = 'C:/Program Files/Unity/Hub/Editor/2020.3.8f1/Editor/Data/MonoBleedingEdge/lib/mono/unityjit'
Mono config path = 'C:/Program Files/Unity/Hub/Editor/2020.3.8f1/Editor/Data/MonoBleedingEdge/etc'
Using monoOptions --debugger-agent=transport=dt_socket,embedding=1,server=y,suspend=n,address=127.0.0.1:56104
Begin MonoManager ReloadAssembly
Registering precompiled unity dll's ...
Register platform support module: C:/Program Files/Unity/Hub/Editor/2020.3.8f1/Editor/Data/PlaybackEngines/WebGLSupport/UnityEditor.WebGL.Extensions.dll
Register platform support module: C:/Program Files/Unity/Hub/Editor/2020.3.8f1/Editor/Data/PlaybackEngines/WindowsStandaloneSupport/UnityEditor.WindowsStandalone.Extensions.dll
Registered in 0.004047 seconds.
Native extension for WindowsStandalone target not found
Native extension for WebGL target not found
Refreshing native plugins compatible for Editor in 29.92 ms, found 0 plugins.
Preloading 0 native plugins for Editor in 0.00 ms.
Mono: successfully reloaded assembly
- Completed reload, in  2.221 seconds
Platform modules already initialized, skipping
Registering precompiled user dll's ...
Registered in 0.001117 seconds.
Begin MonoManager ReloadAssembly
Native extension for WindowsStandalone target not found
Native extension for WebGL target not found
Refreshing native plugins compatible for Editor in 0.29 ms, found 0 plugins.
Preloading 0 native plugins for Editor in 0.00 ms.
Mono: successfully reloaded assembly
- Completed reload, in  0.920 seconds
Platform modules already initialized, skipping
========================================================================
Worker process is ready to serve import requests
Launched and connected shader compiler UnityShaderCompiler.exe after 0.07 seconds
Refreshing native plugins compatible for Editor in 0.24 ms, found 0 plugins.
Preloading 0 native plugins for Editor in 0.00 ms.
Unloading 1477 Unused Serialized files (Serialized files now loaded: 0)
System memory in use before: 68.6 MB.
System memory in use after: 68.7 MB.

Unloading 12 unused Assets to reduce memory usage. Loaded Objects now: 1921.
Total: 1.581800 ms (FindLiveObjects: 0.158000 ms CreateObjectMapping: 0.048700 ms MarkObjects: 1.303800 ms  DeleteObjects: 0.070400 ms)

========================================================================
Received Import Request.
  path: Assets/ARRobots/Prefabs/ARPlane.prefab
  artifactKey: Guid(a103d1a8fab49a14aa278e5a3af56b3e) Importer(815301076,1909f56bfc062723c751e8b465ee728b)
Start importing Assets/ARRobots/Prefabs/ARPlane.prefab using Guid(a103d1a8fab49a14aa278e5a3af56b3e) Importer(815301076,1909f56bfc062723c751e8b465ee728b)  -> (artifact id: '97a794b8e307f73ed93835805d758a0b') in 0.047913 seconds
  Import took 0.050772 seconds .

========================================================================
Received Import Request.
  Time since last request: 0.000253 seconds.
  path: Assets/ARRobots/Prefabs/Obstacle.prefab
  artifactKey: Guid(6830e3f13c82048fe8b4e89416bfcea5) Importer(815301076,1909f56bfc062723c751e8b465ee728b)
Start importing Assets/ARRobots/Prefabs/Obstacle.prefab using Guid(6830e3f13c82048fe8b4e89416bfcea5) Importer(815301076,1909f56bfc062723c751e8b465ee728b)  -> (artifact id: 'bb7ebddb244d4faec0056e216249b227') in 0.269655 seconds
  Import took 0.287152 seconds .

========================================================================
Received Import Request.
  Time since last request: 62.898724 seconds.
  path: Assets/Scripts/GameManager.cs
  artifactKey: Guid(b6b2c8eba1da3ee4795c5317e3bc670a) Importer(815301076,1909f56bfc062723c751e8b465ee728b)
Start importing Assets/Scripts/GameManager.cs using Guid(b6b2c8eba1da3ee4795c5317e3bc670a) Importer(815301076,1909f56bfc062723c751e8b465ee728b)  -> (artifact id: 'eb07af8f83fdd5193d3d21c9794bdc21') in 0.008408 seconds
  Import took 0.010667 seconds .

========================================================================
Received Prepare
Registering precompiled user dll's ...
Registered in 0.000821 seconds.
Begin MonoManager ReloadAssembly
Native extension for WindowsStandalone target not found
Native extension for WebGL target not found
Refreshing native plugins compatible for Editor in 0.27 ms, found 0 plugins.
Preloading 0 native plugins for Editor in 0.00 ms.
Mono: successfully reloaded assembly
- Completed reload, in  0.841 seconds
Platform modules already initialized, skipping
Switching build target platform(5) subTarget(0) extendedPlatform(0) -> platform(13) subTarget(524288) extendedPlatform(0)
Refreshing native plugins compatible for Editor in 2.42 ms, found 0 plugins.
Preloading 0 native plugins for Editor in 0.00 ms.
Unloading 1472 Unused Serialized files (Serialized files now loaded: 0)
System memory in use before: 71.6 MB.
System memory in use after: 71.6 MB.

Unloading 7 unused Assets to reduce memory usage. Loaded Objects now: 1934.
Total: 3.609500 ms (FindLiveObjects: 0.149700 ms CreateObjectMapping: 0.046400 ms MarkObjects: 3.337600 ms  DeleteObjects: 0.073900 ms)

AssetImportParameters requested are different than current active one (requested -> active):
  custom:graphics/normal-map-encoding: 01000000000000000000000000000000 -> 02000000000000000000000000000000
========================================================================
Received Prepare
Registering precompiled user dll's ...
Registered in 0.002246 seconds.
Begin MonoManager ReloadAssembly
Native extension for WindowsStandalone target not found
Native extension for WebGL target not found
Refreshing native plugins compatible for Editor in 0.37 ms, found 0 plugins.
Preloading 0 native plugins for Editor in 0.00 ms.
Mono: successfully reloaded assembly
- Completed reload, in  0.814 seconds
Platform modules already initialized, skipping
Switching build target platform(5) subTarget(0) extendedPlatform(0) -> platform(13) subTarget(524288) extendedPlatform(0)
Refreshing native plugins compatible for Editor in 0.25 ms, found 0 plugins.
Preloading 0 native plugins for Editor in 0.00 ms.
Unloading 1472 Unused Serialized files (Serialized files now loaded: 0)
System memory in use before: 71.6 MB.
System memory in use after: 71.6 MB.

Unloading 7 unused Assets to reduce memory usage. Loaded Objects now: 1938.
Total: 1.680900 ms (FindLiveObjects: 0.147200 ms CreateObjectMapping: 0.044900 ms MarkObjects: 1.437500 ms  DeleteObjects: 0.049900 ms)

AssetImportParameters requested are different than current active one (requested -> active):
  custom:graphics/normal-map-encoding: 01000000000000000000000000000000 -> 02000000000000000000000000000000
========================================================================
Received Import Request.
  Time since last request: 641.068598 seconds.
  path: Assets/Scripts/GameManager.cs
  artifactKey: Guid(b6b2c8eba1da3ee4795c5317e3bc670a) Importer(815301076,1909f56bfc062723c751e8b465ee728b)
Start importing Assets/Scripts/GameManager.cs using Guid(b6b2c8eba1da3ee4795c5317e3bc670a) Importer(815301076,1909f56bfc062723c751e8b465ee728b)  -> (artifact id: '2da438ee996eea54a1eb483b55b5d9e5') in 0.006633 seconds
  Import took 0.008763 seconds .

========================================================================
Received Import Request.
  Time since last request: 4.365932 seconds.
  path: Assets/ARRobots/MyAssets/CanonTower/Prefabs/Cannonball.prefab
  artifactKey: Guid(5691ae0cb62ee4f418d96162b9caa8b6) Importer(815301076,1909f56bfc062723c751e8b465ee728b)
Start importing Assets/ARRobots/MyAssets/CanonTower/Prefabs/Cannonball.prefab using Guid(5691ae0cb62ee4f418d96162b9caa8b6) Importer(815301076,1909f56bfc062723c751e8b465ee728b)  -> (artifact id: '13383c036ef4b80e7b3c1708746fe080') in 0.301957 seconds
  Import took 0.304166 seconds .

========================================================================
Received Import Request.
  Time since last request: 0.000266 seconds.
  path: Assets/ARRobots/MyAssets/CanonTower/Prefabs/Tower.prefab
  artifactKey: Guid(f4f6b630159e6b34386dec2579f250b2) Importer(815301076,1909f56bfc062723c751e8b465ee728b)
Start importing Assets/ARRobots/MyAssets/CanonTower/Prefabs/Tower.prefab using Guid(f4f6b630159e6b34386dec2579f250b2) Importer(815301076,1909f56bfc062723c751e8b465ee728b)  -> (artifact id: '10c7e6f1273067074aa886fab9f0832f') in 0.843538 seconds
  Import took 0.845753 seconds .

========================================================================
Received Import Request.
  Time since last request: 5.080134 seconds.
  path: Assets/ARRobots/MyAssets/CanonTower/Prefabs/Cannonball.prefab
  artifactKey: Guid(5691ae0cb62ee4f418d96162b9caa8b6) Importer(815301076,1909f56bfc062723c751e8b465ee728b)
Start importing Assets/ARRobots/MyAssets/CanonTower/Prefabs/Cannonball.prefab using Guid(5691ae0cb62ee4f418d96162b9caa8b6) Importer(815301076,1909f56bfc062723c751e8b465ee728b)  -> (artifact id: '908681a7351a0d9226ef43058469e13c') in 0.038259 seconds
  Import took 0.040684 seconds .

========================================================================
Received Import Request.
  Time since last request: 23.301515 seconds.
  path: Assets/Scripts/CannonBall.cs
  artifactKey: Guid(c4de8027da58b014683b24753617a671) Importer(815301076,1909f56bfc062723c751e8b465ee728b)
Start importing Assets/Scripts/CannonBall.cs using Guid(c4de8027da58b014683b24753617a671) Importer(815301076,1909f56bfc062723c751e8b465ee728b)  -> (artifact id: '4fb1854d77a43462bf871fc2e611e30a') in 0.006271 seconds
  Import took 0.008829 seconds .

========================================================================
Received Prepare
Registering precompiled user dll's ...
Registered in 0.000587 seconds.
Begin MonoManager ReloadAssembly
Native extension for WindowsStandalone target not found
Native extension for WebGL target not found
Refreshing native plugins compatible for Editor in 0.32 ms, found 0 plugins.
Preloading 0 native plugins for Editor in 0.00 ms.
Mono: successfully reloaded assembly
- Completed reload, in  0.870 seconds
Platform modules already initialized, skipping
Switching build target platform(5) subTarget(0) extendedPlatform(0) -> platform(13) subTarget(524288) extendedPlatform(0)
Refreshing native plugins compatible for Editor in 0.28 ms, found 0 plugins.
Preloading 0 native plugins for Editor in 0.00 ms.
Unloading 1473 Unused Serialized files (Serialized files now loaded: 0)
System memory in use before: 71.7 MB.
System memory in use after: 71.8 MB.

Unloading 7 unused Assets to reduce memory usage. Loaded Objects now: 1945.
Total: 1.606100 ms (FindLiveObjects: 0.158400 ms CreateObjectMapping: 0.042600 ms MarkObjects: 1.348600 ms  DeleteObjects: 0.055700 ms)

AssetImportParameters requested are different than current active one (requested -> active):
  custom:graphics/normal-map-encoding: 01000000000000000000000000000000 -> 02000000000000000000000000000000
========================================================================
Received Prepare
Registering precompiled user dll's ...
Registered in 0.000637 seconds.
Begin MonoManager ReloadAssembly
Native extension for WindowsStandalone target not found
Native extension for WebGL target not found
Refreshing native plugins compatible for Editor in 0.47 ms, found 0 plugins.
Preloading 0 native plugins for Editor in 0.00 ms.
Mono: successfully reloaded assembly
- Completed reload, in  0.821 seconds
Platform modules already initialized, skipping
Switching build target platform(5) subTarget(0) extendedPlatform(0) -> platform(13) subTarget(524288) extendedPlatform(0)
Refreshing native plugins compatible for Editor in 0.27 ms, found 0 plugins.
Preloading 0 native plugins for Editor in 0.00 ms.
Unloading 1473 Unused Serialized files (Serialized files now loaded: 0)
System memory in use before: 71.7 MB.
System memory in use after: 71.8 MB.

Unloading 7 unused Assets to reduce memory usage. Loaded Objects now: 1949.
Total: 1.982600 ms (FindLiveObjects: 0.168000 ms CreateObjectMapping: 0.046600 ms MarkObjects: 1.678700 ms  DeleteObjects: 0.088100 ms)

AssetImportParameters requested are different than current active one (requested -> active):
  custom:graphics/normal-map-encoding: 01000000000000000000000000000000 -> 02000000000000000000000000000000
========================================================================
Received Import Request.
  Time since last request: 13.697459 seconds.
  path: Assets/Scripts/CannonBall.cs
  artifactKey: Guid(c4de8027da58b014683b24753617a671) Importer(815301076,1909f56bfc062723c751e8b465ee728b)
Start importing Assets/Scripts/CannonBall.cs using Guid(c4de8027da58b014683b24753617a671) Importer(815301076,1909f56bfc062723c751e8b465ee728b)  -> (artifact id: 'b2df897a07a51fa3d816d95e374dc5b3') in 0.005949 seconds
  Import took 0.017350 seconds .

========================================================================
Received Prepare
Registering precompiled user dll's ...
Registered in 0.000787 seconds.
Begin MonoManager ReloadAssembly
Native extension for WindowsStandalone target not found
Native extension for WebGL target not found
Refreshing native plugins compatible for Editor in 0.25 ms, found 0 plugins.
Preloading 0 native plugins for Editor in 0.00 ms.
Mono: successfully reloaded assembly
- Completed reload, in  0.795 seconds
Platform modules already initialized, skipping
Switching build target platform(5) subTarget(0) extendedPlatform(0) -> platform(13) subTarget(524288) extendedPlatform(0)
Refreshing native plugins compatible for Editor in 0.27 ms, found 0 plugins.
Preloading 0 native plugins for Editor in 0.00 ms.
Unloading 1473 Unused Serialized files (Serialized files now loaded: 0)
System memory in use before: 71.7 MB.
System memory in use after: 71.8 MB.

Unloading 7 unused Assets to reduce memory usage. Loaded Objects now: 1953.
Total: 1.484400 ms (FindLiveObjects: 0.164400 ms CreateObjectMapping: 0.047000 ms MarkObjects: 1.224400 ms  DeleteObjects: 0.047900 ms)

AssetImportParameters requested are different than current active one (requested -> active):
  custom:graphics/normal-map-encoding: 01000000000000000000000000000000 -> 02000000000000000000000000000000
========================================================================
Received Import Request.
  Time since last request: 766.327656 seconds.
  path: Assets/ARImages
  artifactKey: Guid(8fcc47a09ee4c6f4ab5e3316d1b7d862) Importer(815301076,1909f56bfc062723c751e8b465ee728b)
Start importing Assets/ARImages using Guid(8fcc47a09ee4c6f4ab5e3316d1b7d862) Importer(815301076,1909f56bfc062723c751e8b465ee728b)  -> (artifact id: '479c67b010b1abaa95895cf73e6d86f4') in 0.006736 seconds
  Import took 0.011800 seconds .

========================================================================
Received Import Request.
  Time since last request: 16.647008 seconds.
  path: Assets/ARImages/AR-Fox.jpg
  artifactKey: Guid(4fa0da6b8a9b7e8488dcba9379bcb5c5) Importer(815301076,1909f56bfc062723c751e8b465ee728b)
Start importing Assets/ARImages/AR-Fox.jpg using Guid(4fa0da6b8a9b7e8488dcba9379bcb5c5) Importer(815301076,1909f56bfc062723c751e8b465ee728b)  -> (artifact id: '892da365d9227b177e54d1b040bc8a25') in 0.075789 seconds
  Import took 0.078118 seconds .

========================================================================
Received Import Request.
  Time since last request: 123.391345 seconds.
  path: Assets/ARImages/ReferenceImageLibrary.asset
  artifactKey: Guid(7f81345c1f6aa48479c01046dea633dc) Importer(815301076,1909f56bfc062723c751e8b465ee728b)
Start importing Assets/ARImages/ReferenceImageLibrary.asset using Guid(7f81345c1f6aa48479c01046dea633dc) Importer(815301076,1909f56bfc062723c751e8b465ee728b)  -> (artifact id: '20dfff33db594df0ee85b74eac1d71b6') in 0.022502 seconds
  Import took 0.025524 seconds .

========================================================================
Received Import Request.
  Time since last request: 434.531726 seconds.
  path: Assets/Scripts/Cannon.cs
  artifactKey: Guid(541dfa181c8fcca43b6dfc0c912bc662) Importer(815301076,1909f56bfc062723c751e8b465ee728b)
Start importing Assets/Scripts/Cannon.cs using Guid(541dfa181c8fcca43b6dfc0c912bc662) Importer(815301076,1909f56bfc062723c751e8b465ee728b)  -> (artifact id: '690a94511486bdfeadfd294d187c5a66') in 0.011644 seconds
  Import took 0.014695 seconds .

========================================================================
Received Import Request.
  Time since last request: 0.004479 seconds.
  path: Assets/Scripts/Cannon.cs
  artifactKey: Guid(541dfa181c8fcca43b6dfc0c912bc662) Importer(815301076,1909f56bfc062723c751e8b465ee728b)
Start importing Assets/Scripts/Cannon.cs using Guid(541dfa181c8fcca43b6dfc0c912bc662) Importer(815301076,1909f56bfc062723c751e8b465ee728b)  -> (artifact id: '690a94511486bdfeadfd294d187c5a66') in 0.003853 seconds
  Import took 0.008946 seconds .

========================================================================
Received Prepare
Registering precompiled user dll's ...
Registered in 0.000785 seconds.
Begin MonoManager ReloadAssembly
Native extension for WindowsStandalone target not found
Native extension for WebGL target not found
Refreshing native plugins compatible for Editor in 0.25 ms, found 0 plugins.
Preloading 0 native plugins for Editor in 0.00 ms.
Mono: successfully reloaded assembly
- Completed reload, in  0.915 seconds
Platform modules already initialized, skipping
Switching build target platform(5) subTarget(0) extendedPlatform(0) -> platform(13) subTarget(524288) extendedPlatform(0)
Refreshing native plugins compatible for Editor in 0.26 ms, found 0 plugins.
Preloading 0 native plugins for Editor in 0.00 ms.
Unloading 1474 Unused Serialized files (Serialized files now loaded: 0)
System memory in use before: 71.8 MB.
System memory in use after: 71.9 MB.

Unloading 7 unused Assets to reduce memory usage. Loaded Objects now: 1959.
Total: 2.075000 ms (FindLiveObjects: 0.163400 ms CreateObjectMapping: 0.049300 ms MarkObjects: 1.796700 ms  DeleteObjects: 0.064800 ms)

AssetImportParameters requested are different than current active one (requested -> active):
  custom:graphics/normal-map-encoding: 01000000000000000000000000000000 -> 02000000000000000000000000000000
========================================================================
Received Import Request.
  Time since last request: 10.002933 seconds.
  path: Assets/ARRobots/MyAssets/CanonTower/Prefabs
  artifactKey: Guid(9953bcce703c74ee2979fe6db74d780f) Importer(815301076,1909f56bfc062723c751e8b465ee728b)
Start importing Assets/ARRobots/MyAssets/CanonTower/Prefabs using Guid(9953bcce703c74ee2979fe6db74d780f) Importer(815301076,1909f56bfc062723c751e8b465ee728b)  -> (artifact id: '454dbce01bbe796665c192e9356cb701') in 0.005719 seconds
  Import took 0.007865 seconds .

========================================================================
Received Import Request.
  Time since last request: 0.048954 seconds.
  path: Assets/ARRobots/MyAssets/CanonTower/Prefabs/Cannonball.prefab
  artifactKey: Guid(5691ae0cb62ee4f418d96162b9caa8b6) Importer(815301076,1909f56bfc062723c751e8b465ee728b)
Start importing Assets/ARRobots/MyAssets/CanonTower/Prefabs/Cannonball.prefab using Guid(5691ae0cb62ee4f418d96162b9caa8b6) Importer(815301076,1909f56bfc062723c751e8b465ee728b)  -> (artifact id: '23661389810c8c1763845754548eb87b') in 0.049099 seconds
  Import took 0.052035 seconds .

========================================================================
Received Import Request.
  Time since last request: 5.365546 seconds.
  path: Assets/ARRobots/MyAssets/CanonTower/Prefabs/Tower.prefab
  artifactKey: Guid(f4f6b630159e6b34386dec2579f250b2) Importer(815301076,1909f56bfc062723c751e8b465ee728b)
Start importing Assets/ARRobots/MyAssets/CanonTower/Prefabs/Tower.prefab using Guid(f4f6b630159e6b34386dec2579f250b2) Importer(815301076,1909f56bfc062723c751e8b465ee728b)  -> (artifact id: '6895174cda9917e962aa9479e6a34a4e') in 0.244276 seconds
  Import took 0.246741 seconds .

========================================================================
Received Prepare
Registering precompiled user dll's ...
Registered in 0.000623 seconds.
Begin MonoManager ReloadAssembly
Native extension for WindowsStandalone target not found
Native extension for WebGL target not found
Refreshing native plugins compatible for Editor in 0.38 ms, found 0 plugins.
Preloading 0 native plugins for Editor in 0.00 ms.
Mono: successfully reloaded assembly
- Completed reload, in  0.824 seconds
Platform modules already initialized, skipping
Switching build target platform(5) subTarget(0) extendedPlatform(0) -> platform(13) subTarget(524288) extendedPlatform(0)
Refreshing native plugins compatible for Editor in 0.26 ms, found 0 plugins.
Preloading 0 native plugins for Editor in 0.00 ms.
Unloading 1474 Unused Serialized files (Serialized files now loaded: 0)
System memory in use before: 71.8 MB.
System memory in use after: 71.9 MB.

Unloading 7 unused Assets to reduce memory usage. Loaded Objects now: 1964.
Total: 1.530200 ms (FindLiveObjects: 0.131600 ms CreateObjectMapping: 0.036500 ms MarkObjects: 1.309700 ms  DeleteObjects: 0.051600 ms)

AssetImportParameters requested are different than current active one (requested -> active):
  custom:graphics/normal-map-encoding: 01000000000000000000000000000000 -> 02000000000000000000000000000000
========================================================================
Received Import Request.
  Time since last request: 935.898678 seconds.
  path: Assets/ARRobots/MyAssets/CanonTower/Prefabs/Tower.prefab
  artifactKey: Guid(f4f6b630159e6b34386dec2579f250b2) Importer(815301076,1909f56bfc062723c751e8b465ee728b)
Start importing Assets/ARRobots/MyAssets/CanonTower/Prefabs/Tower.prefab using Guid(f4f6b630159e6b34386dec2579f250b2) Importer(815301076,1909f56bfc062723c751e8b465ee728b)  -> (artifact id: '12d5eae8886bccd6982ac8f788177da7') in 0.277322 seconds
  Import took 0.279804 seconds .

========================================================================
Received Import Request.
  Time since last request: 14.685128 seconds.
  path: Assets/ARRobots/MyAssets/CanonTower/Prefabs/Tower.prefab
  artifactKey: Guid(f4f6b630159e6b34386dec2579f250b2) Importer(815301076,1909f56bfc062723c751e8b465ee728b)
Start importing Assets/ARRobots/MyAssets/CanonTower/Prefabs/Tower.prefab using Guid(f4f6b630159e6b34386dec2579f250b2) Importer(815301076,1909f56bfc062723c751e8b465ee728b)  -> (artifact id: '523674a53ade7c172b327abb6f79bafc') in 0.203422 seconds
  Import took 0.205946 seconds .

========================================================================
Received Prepare
Refreshing native plugins compatible for Editor in 0.65 ms, found 0 plugins.
Preloading 0 native plugins for Editor in 0.00 ms.
Unloading 4 Unused Serialized files (Serialized files now loaded: 0)
System memory in use before: 42.1 MB.
System memory in use after: 42.2 MB.

Unloading 3 unused Assets to reduce memory usage. Loaded Objects now: 1966.
Total: 3.048700 ms (FindLiveObjects: 0.282000 ms CreateObjectMapping: 0.082700 ms MarkObjects: 2.633300 ms  DeleteObjects: 0.049500 ms)

========================================================================
Received Import Request.
  Time since last request: 838.538440 seconds.
  path: Assets/Scripts/RobotController.cs
  artifactKey: Guid(2b489660a86348642a65e3801e6a6b45) Importer(815301076,1909f56bfc062723c751e8b465ee728b)
Start importing Assets/Scripts/RobotController.cs using Guid(2b489660a86348642a65e3801e6a6b45) Importer(815301076,1909f56bfc062723c751e8b465ee728b)  -> (artifact id: '2d5527b299075f7aa88832bfb60bccb3') in 0.003746 seconds
  Import took 0.006900 seconds .

========================================================================
Received Import Request.
  Time since last request: 0.000777 seconds.
  path: Assets/Scripts/RobotController.cs
  artifactKey: Guid(2b489660a86348642a65e3801e6a6b45) Importer(815301076,1909f56bfc062723c751e8b465ee728b)
Start importing Assets/Scripts/RobotController.cs using Guid(2b489660a86348642a65e3801e6a6b45) Importer(815301076,1909f56bfc062723c751e8b465ee728b)  -> (artifact id: '2d5527b299075f7aa88832bfb60bccb3') in 0.004120 seconds
  Import took 0.006292 seconds .

========================================================================
Received Prepare
Registering precompiled user dll's ...
Registered in 0.000609 seconds.
Begin MonoManager ReloadAssembly
Native extension for WindowsStandalone target not found
Native extension for WebGL target not found
Refreshing native plugins compatible for Editor in 0.25 ms, found 0 plugins.
Preloading 0 native plugins for Editor in 0.00 ms.
Mono: successfully reloaded assembly
- Completed reload, in  0.781 seconds
Platform modules already initialized, skipping
Switching build target platform(5) subTarget(0) extendedPlatform(0) -> platform(13) subTarget(524288) extendedPlatform(0)
Refreshing native plugins compatible for Editor in 0.26 ms, found 0 plugins.
Preloading 0 native plugins for Editor in 0.00 ms.
Unloading 1473 Unused Serialized files (Serialized files now loaded: 0)
System memory in use before: 71.8 MB.
System memory in use after: 71.8 MB.

Unloading 6 unused Assets to reduce memory usage. Loaded Objects now: 1970.
Total: 1.739900 ms (FindLiveObjects: 0.137400 ms CreateObjectMapping: 0.039700 ms MarkObjects: 1.511800 ms  DeleteObjects: 0.049800 ms)

AssetImportParameters requested are different than current active one (requested -> active):
  custom:graphics/normal-map-encoding: 01000000000000000000000000000000 -> 02000000000000000000000000000000
========================================================================
Received Import Request.
  Time since last request: 15095.521041 seconds.
  path: Assets/Scripts/RobotController.cs
  artifactKey: Guid(2b489660a86348642a65e3801e6a6b45) Importer(815301076,1909f56bfc062723c751e8b465ee728b)
Start importing Assets/Scripts/RobotController.cs using Guid(2b489660a86348642a65e3801e6a6b45) Importer(815301076,1909f56bfc062723c751e8b465ee728b)  -> (artifact id: 'c7a31f5f08dc54d5484fdef294c1e029') in 0.005728 seconds
  Import took 0.007963 seconds .

AssetImportWorkerClient::OnTransportError - code=2 error=End of file
